<?xml version="1.0" encoding="UTF-8"?>
<!-- Generated by org.testng.reporters.JUnitXMLReporter -->
<testsuite hostname="GISB-041" ignored="0" name="Default test" tests="5" failures="0" timestamp="07 Jan 2019 08:07:55 GMT" time="258.206" errors="0">
  <testcase name="loginPageTitleTest" time="0.078" classname="com.coel.qa.testCases.LoginPageTest"/>
  <testcase name="loginTest" time="3.875" classname="com.coel.qa.testCases.LoginPageTest"/>
  <testcase name="loginTestInvalidCredentials" time="0.885" classname="com.coel.qa.testCases.LoginPageTest"/>
  <testcase name="loginTestInvalidPwd" time="2.175" classname="com.coel.qa.testCases.LoginPageTest"/>
  <testcase name="loginTestEmptyCred" time="1.467" classname="com.coel.qa.testCases.LoginPageTest"/>
</testsuite> <!-- Default test -->
