<?xml version="1.0" encoding="UTF-8"?>
<testng-results skipped="0" failed="0" ignored="0" total="5" passed="5">
  <reporter-output>
  </reporter-output>
  <suite name="Default suite" duration-ms="258206" started-at="2019-01-07T08:03:34Z" finished-at="2019-01-07T08:07:52Z">
    <groups>
    </groups>
    <test name="Default test" duration-ms="258206" started-at="2019-01-07T08:03:34Z" finished-at="2019-01-07T08:07:52Z">
      <class name="com.coel.qa.testCases.LoginPageTest">
        <test-method status="PASS" signature="setUp()[pri:0, instance:com.coel.qa.testCases.LoginPageTest@224edc67]" name="setUp" is-config="true" duration-ms="103830" started-at="2019-01-07T08:03:34Z" finished-at="2019-01-07T08:05:18Z">
          <reporter-output>
          </reporter-output>
        </test-method> <!-- setUp -->
        <test-method status="PASS" signature="loginPageTitleTest()[pri:1, instance:com.coel.qa.testCases.LoginPageTest@224edc67]" name="loginPageTitleTest" duration-ms="78" started-at="2019-01-07T08:05:18Z" finished-at="2019-01-07T08:05:18Z">
          <reporter-output>
          </reporter-output>
        </test-method> <!-- loginPageTitleTest -->
        <test-method status="PASS" signature="tearDown()[pri:0, instance:com.coel.qa.testCases.LoginPageTest@224edc67]" name="tearDown" is-config="true" duration-ms="10545" started-at="2019-01-07T08:05:18Z" finished-at="2019-01-07T08:05:28Z">
          <reporter-output>
          </reporter-output>
        </test-method> <!-- tearDown -->
        <test-method status="PASS" signature="setUp()[pri:0, instance:com.coel.qa.testCases.LoginPageTest@224edc67]" name="setUp" is-config="true" duration-ms="32503" started-at="2019-01-07T08:05:28Z" finished-at="2019-01-07T08:06:01Z">
          <reporter-output>
          </reporter-output>
        </test-method> <!-- setUp -->
        <test-method status="PASS" signature="loginTest()[pri:2, instance:com.coel.qa.testCases.LoginPageTest@224edc67]" name="loginTest" duration-ms="3875" started-at="2019-01-07T08:06:01Z" finished-at="2019-01-07T08:06:05Z">
          <reporter-output>
          </reporter-output>
        </test-method> <!-- loginTest -->
        <test-method status="PASS" signature="tearDown()[pri:0, instance:com.coel.qa.testCases.LoginPageTest@224edc67]" name="tearDown" is-config="true" duration-ms="3159" started-at="2019-01-07T08:06:05Z" finished-at="2019-01-07T08:06:08Z">
          <reporter-output>
          </reporter-output>
        </test-method> <!-- tearDown -->
        <test-method status="PASS" signature="setUp()[pri:0, instance:com.coel.qa.testCases.LoginPageTest@224edc67]" name="setUp" is-config="true" duration-ms="25696" started-at="2019-01-07T08:06:08Z" finished-at="2019-01-07T08:06:34Z">
          <reporter-output>
          </reporter-output>
        </test-method> <!-- setUp -->
        <test-method status="PASS" signature="loginTestInvalidCredentials()[pri:3, instance:com.coel.qa.testCases.LoginPageTest@224edc67]" name="loginTestInvalidCredentials" duration-ms="885" started-at="2019-01-07T08:06:34Z" finished-at="2019-01-07T08:06:34Z">
          <reporter-output>
          </reporter-output>
        </test-method> <!-- loginTestInvalidCredentials -->
        <test-method status="PASS" signature="tearDown()[pri:0, instance:com.coel.qa.testCases.LoginPageTest@224edc67]" name="tearDown" is-config="true" duration-ms="3804" started-at="2019-01-07T08:06:34Z" finished-at="2019-01-07T08:06:38Z">
          <reporter-output>
          </reporter-output>
        </test-method> <!-- tearDown -->
        <test-method status="PASS" signature="setUp()[pri:0, instance:com.coel.qa.testCases.LoginPageTest@224edc67]" name="setUp" is-config="true" duration-ms="29112" started-at="2019-01-07T08:06:38Z" finished-at="2019-01-07T08:07:07Z">
          <reporter-output>
          </reporter-output>
        </test-method> <!-- setUp -->
        <test-method status="PASS" signature="loginTestInvalidPwd()[pri:4, instance:com.coel.qa.testCases.LoginPageTest@224edc67]" name="loginTestInvalidPwd" duration-ms="2175" started-at="2019-01-07T08:07:07Z" finished-at="2019-01-07T08:07:10Z">
          <reporter-output>
          </reporter-output>
        </test-method> <!-- loginTestInvalidPwd -->
        <test-method status="PASS" signature="tearDown()[pri:0, instance:com.coel.qa.testCases.LoginPageTest@224edc67]" name="tearDown" is-config="true" duration-ms="7485" started-at="2019-01-07T08:07:10Z" finished-at="2019-01-07T08:07:17Z">
          <reporter-output>
          </reporter-output>
        </test-method> <!-- tearDown -->
        <test-method status="PASS" signature="setUp()[pri:0, instance:com.coel.qa.testCases.LoginPageTest@224edc67]" name="setUp" is-config="true" duration-ms="29945" started-at="2019-01-07T08:07:17Z" finished-at="2019-01-07T08:07:47Z">
          <reporter-output>
          </reporter-output>
        </test-method> <!-- setUp -->
        <test-method status="PASS" signature="loginTestEmptyCred()[pri:5, instance:com.coel.qa.testCases.LoginPageTest@224edc67]" name="loginTestEmptyCred" duration-ms="1467" started-at="2019-01-07T08:07:47Z" finished-at="2019-01-07T08:07:48Z">
          <reporter-output>
          </reporter-output>
        </test-method> <!-- loginTestEmptyCred -->
        <test-method status="PASS" signature="tearDown()[pri:0, instance:com.coel.qa.testCases.LoginPageTest@224edc67]" name="tearDown" is-config="true" duration-ms="3507" started-at="2019-01-07T08:07:48Z" finished-at="2019-01-07T08:07:52Z">
          <reporter-output>
          </reporter-output>
        </test-method> <!-- tearDown -->
      </class> <!-- com.coel.qa.testCases.LoginPageTest -->
    </test> <!-- Default test -->
  </suite> <!-- Default suite -->
</testng-results>
